<?xml version="1.0" encoding="UTF-8"?>
<!-- Generated by org.testng.reporters.JUnitXMLReporter -->
<testsuite hostname="C40BF52AGJUNC" ignored="2" name="Default test" tests="1" failures="0" timestamp="12 Feb 2019 14:45:50 GMT" time="29.7" errors="0">
  <testcase name="clickOnSettingIcon" time="6.183" classname="com.qa.tester.TrainingPageTest"/>
  <testcase name="checkTraingHeaderTest" time="0.0" classname="com.qa.tester.TrainingPageTest">
    <ignored/>
  </testcase> <!-- checkTraingHeaderTest -->
  <testcase name="TrainingPageTitleTest" time="0.0" classname="com.qa.tester.TrainingPageTest">
    <ignored/>
  </testcase> <!-- TrainingPageTitleTest -->
</testsuite> <!-- Default test -->
