<?xml version="1.0" encoding="UTF-8"?>
<!-- Generated by org.testng.reporters.JUnitXMLReporter -->
<testsuite hostname="C40BF52AGJUNC" ignored="10" name="User-management" tests="4" failures="0" timestamp="12 Feb 2019 14:48:26 GMT" time="101.051" errors="0">
  <testcase name="loginTest" time="7.776" classname="com.qa.tester.LoginPageTest"/>
  <testcase name="selectDesiredBotTest" time="7.313" classname="com.qa.tester.HomePageTest"/>
  <testcase name="clickOnSettingIcon" time="6.128" classname="com.qa.tester.TrainingPageTest"/>
  <testcase name="clickOnSettingIcon" time="6.336" classname="com.qa.tester.SettingPageTest"/>
  <testcase name="verifyHomePageTitleTest" time="0.0" classname="com.qa.tester.HomePageTest">
    <ignored/>
  </testcase> <!-- verifyHomePageTitleTest -->
  <testcase name="SettingPageTitleTest" time="0.0" classname="com.qa.tester.SettingPageTest">
    <ignored/>
  </testcase> <!-- SettingPageTitleTest -->
  <testcase name="checkProfileTabTest" time="0.0" classname="com.qa.tester.SettingPageTest">
    <ignored/>
  </testcase> <!-- checkProfileTabTest -->
  <testcase name="crmLogoImageTest" time="0.0" classname="com.qa.tester.LoginPageTest">
    <ignored/>
  </testcase> <!-- crmLogoImageTest -->
  <testcase name="checkTraingHeaderTest" time="0.0" classname="com.qa.tester.TrainingPageTest">
    <ignored/>
  </testcase> <!-- checkTraingHeaderTest -->
  <testcase name="checkUserTabTest" time="0.0" classname="com.qa.tester.SettingPageTest">
    <ignored/>
  </testcase> <!-- checkUserTabTest -->
  <testcase name="verifyHeaderofThePageTest" time="0.0" classname="com.qa.tester.HomePageTest">
    <ignored/>
  </testcase> <!-- verifyHeaderofThePageTest -->
  <testcase name="TrainingPageTitleTest" time="0.0" classname="com.qa.tester.TrainingPageTest">
    <ignored/>
  </testcase> <!-- TrainingPageTitleTest -->
  <testcase name="loginPageTitleTest" time="0.0" classname="com.qa.tester.LoginPageTest">
    <ignored/>
  </testcase> <!-- loginPageTitleTest -->
  <testcase name="checkSettingHeaderTest" time="0.0" classname="com.qa.tester.SettingPageTest">
    <ignored/>
  </testcase> <!-- checkSettingHeaderTest -->
</testsuite> <!-- User-management -->
