<?xml version="1.0" encoding="UTF-8"?>
<!-- Generated by org.testng.reporters.JUnitXMLReporter -->
<testsuite hostname="C40BF52AGJUNC" ignored="2" name="User-management-firefox" tests="1" failures="0" timestamp="18 Feb 2019 13:07:34 GMT" time="18.904" errors="0">
  <testcase name="loginTest" time="7.941" classname="com.qa.tester.LoginPageTest"/>
  <testcase name="crmLogoImageTest" time="0.0" classname="com.qa.tester.LoginPageTest">
    <ignored/>
  </testcase> <!-- crmLogoImageTest -->
  <testcase name="loginPageTitleTest" time="0.0" classname="com.qa.tester.LoginPageTest">
    <ignored/>
  </testcase> <!-- loginPageTitleTest -->
</testsuite> <!-- User-management-firefox -->
