<?xml version="1.0" encoding="UTF-8"?>
<testng-results skipped="0" failed="0" ignored="10" total="14" passed="4">
  <reporter-output>
  </reporter-output>
  <suite name="AgJunction API check" duration-ms="101051" started-at="2019-02-12T14:46:45Z" finished-at="2019-02-12T14:48:26Z">
    <groups>
    </groups>
    <test name="User-management" duration-ms="101051" started-at="2019-02-12T14:46:45Z" finished-at="2019-02-12T14:48:26Z">
      <class name="com.qa.tester.HomePageTest">
        <test-method status="PASS" signature="setUp()[pri:0, instance:com.qa.tester.HomePageTest@18eed359]" name="setUp" is-config="true" duration-ms="14531" started-at="2019-02-12T14:47:01Z" finished-at="2019-02-12T14:47:15Z">
          <reporter-output>
          </reporter-output>
        </test-method> <!-- setUp -->
        <test-method status="PASS" signature="selectDesiredBotTest()[pri:3, instance:com.qa.tester.HomePageTest@18eed359]" name="selectDesiredBotTest" duration-ms="7313" started-at="2019-02-12T14:47:15Z" finished-at="2019-02-12T14:47:23Z">
          <reporter-output>
          </reporter-output>
        </test-method> <!-- selectDesiredBotTest -->
        <test-method status="PASS" signature="tearDown()[pri:0, instance:com.qa.tester.HomePageTest@18eed359]" name="tearDown" is-config="true" duration-ms="655" started-at="2019-02-12T14:47:23Z" finished-at="2019-02-12T14:47:23Z">
          <reporter-output>
          </reporter-output>
        </test-method> <!-- tearDown -->
      </class> <!-- com.qa.tester.HomePageTest -->
      <class name="com.qa.tester.SettingPageTest">
        <test-method status="PASS" signature="setUp()[pri:0, instance:com.qa.tester.SettingPageTest@6c3708b3]" name="setUp" is-config="true" duration-ms="27180" started-at="2019-02-12T14:47:52Z" finished-at="2019-02-12T14:48:19Z">
          <reporter-output>
          </reporter-output>
        </test-method> <!-- setUp -->
        <test-method status="PASS" signature="clickOnSettingIcon()[pri:5, instance:com.qa.tester.SettingPageTest@6c3708b3]" name="clickOnSettingIcon" duration-ms="6336" started-at="2019-02-12T14:48:19Z" finished-at="2019-02-12T14:48:26Z">
          <reporter-output>
          </reporter-output>
        </test-method> <!-- clickOnSettingIcon -->
        <test-method status="PASS" signature="tearDown()[pri:0, instance:com.qa.tester.SettingPageTest@6c3708b3]" name="tearDown" is-config="true" duration-ms="661" started-at="2019-02-12T14:48:26Z" finished-at="2019-02-12T14:48:26Z">
          <reporter-output>
          </reporter-output>
        </test-method> <!-- tearDown -->
      </class> <!-- com.qa.tester.SettingPageTest -->
      <class name="com.qa.tester.TrainingPageTest">
        <test-method status="PASS" signature="setUp()[pri:0, instance:com.qa.tester.TrainingPageTest@3e9b1010]" name="setUp" is-config="true" duration-ms="21873" started-at="2019-02-12T14:47:23Z" finished-at="2019-02-12T14:47:45Z">
          <reporter-output>
          </reporter-output>
        </test-method> <!-- setUp -->
        <test-method status="PASS" signature="clickOnSettingIcon()[pri:3, instance:com.qa.tester.TrainingPageTest@3e9b1010]" name="clickOnSettingIcon" duration-ms="6128" started-at="2019-02-12T14:47:45Z" finished-at="2019-02-12T14:47:51Z">
          <reporter-output>
          </reporter-output>
        </test-method> <!-- clickOnSettingIcon -->
        <test-method status="PASS" signature="tearDown()[pri:0, instance:com.qa.tester.TrainingPageTest@3e9b1010]" name="tearDown" is-config="true" duration-ms="683" started-at="2019-02-12T14:47:51Z" finished-at="2019-02-12T14:47:52Z">
          <reporter-output>
          </reporter-output>
        </test-method> <!-- tearDown -->
      </class> <!-- com.qa.tester.TrainingPageTest -->
      <class name="com.qa.tester.LoginPageTest">
        <test-method status="PASS" signature="setUp()[pri:0, instance:com.qa.tester.LoginPageTest@520a3426]" name="setUp" is-config="true" duration-ms="7257" started-at="2019-02-12T14:46:45Z" finished-at="2019-02-12T14:46:52Z">
          <reporter-output>
          </reporter-output>
        </test-method> <!-- setUp -->
        <test-method status="PASS" signature="loginTest()[pri:3, instance:com.qa.tester.LoginPageTest@520a3426]" name="loginTest" duration-ms="7776" started-at="2019-02-12T14:46:52Z" finished-at="2019-02-12T14:47:00Z">
          <reporter-output>
          </reporter-output>
        </test-method> <!-- loginTest -->
        <test-method status="PASS" signature="tearDown()[pri:0, instance:com.qa.tester.LoginPageTest@520a3426]" name="tearDown" is-config="true" duration-ms="640" started-at="2019-02-12T14:47:00Z" finished-at="2019-02-12T14:47:01Z">
          <reporter-output>
          </reporter-output>
        </test-method> <!-- tearDown -->
      </class> <!-- com.qa.tester.LoginPageTest -->
    </test> <!-- User-management -->
  </suite> <!-- AgJunction API check -->
</testng-results>
